Arguments: 
  /usr/local/bin/node /opt/yarn-v1.22.19/bin/yarn.js install

PATH: 
  /project/home/pitcher-host/.local/state/fnm_multishells/2454_1698669341085/bin:/usr/share/fnm:/usr/local/sbin:/usr/local/bin:/usr/sbin:/usr/bin:/sbin:/bin

Yarn version: 
  1.22.19

Node version: 
  16.17.0

Platform: 
  linux x64

Trace: 
  Error: ENOENT: no such file or directory, open '/project/.cache/yarn/v6/npm-@swc-core-linux-x64-gnu-1.3.95-80467727ec11da3de49e6be2abf735964a808483-integrity/node_modules/@swc/core-linux-x64-gnu/.yarn-metadata.json'

npm manifest: 
  {
    "name": "vanilla-parcel-2",
    "version": "1.0.0",
    "description": "",
    "scripts": {
      "start": "parcel ./src/index.html",
      "build": "parcel build ./src/index.html"
    },
    "devDependencies": {
      "parcel": "^2.0.0"
    },
    "keywords": []
  }

yarn manifest: 
  No manifest

Lockfile: 
  No lockfile
